{"/Users/davidsagala/Documents/redux-advanced/src/App.jsx": {"path":"/Users/davidsagala/Documents/redux-advanced/src/App.jsx","statementMap":{"0":{"start":{"line":6,"column":2},"end":{"line":14,"column":4}}},"fnMap":{"0":{"name":"App","decl":{"start":{"line":5,"column":9},"end":{"line":5,"column":12}},"loc":{"start":{"line":5,"column":15},"end":{"line":15,"column":1}},"line":5}},"branchMap":{},"s":{"0":2},"f":{"0":2},"b":{},"_coverageSchema":"1a1c01bbd47fc00a2c39e90264f33305004495a9","hash":"1b2a1c0c0bff06dec8b4eaf3005ecf9e80962a23"}
,"/Users/davidsagala/Documents/redux-advanced/src/components/ThemeToggle.jsx": {"path":"/Users/davidsagala/Documents/redux-advanced/src/components/ThemeToggle.jsx","statementMap":{"0":{"start":{"line":4,"column":20},"end":{"line":28,"column":1}},"1":{"start":{"line":5,"column":28},"end":{"line":5,"column":45}},"2":{"start":{"line":7,"column":2},"end":{"line":9,"column":14}},"3":{"start":{"line":8,"column":4},"end":{"line":8,"column":63}},"4":{"start":{"line":11,"column":22},"end":{"line":13,"column":3}},"5":{"start":{"line":12,"column":4},"end":{"line":12,"column":62}},"6":{"start":{"line":12,"column":24},"end":{"line":12,"column":59}},"7":{"start":{"line":15,"column":2},"end":{"line":27,"column":4}}},"fnMap":{"0":{"name":"(anonymous_0)","decl":{"start":{"line":4,"column":20},"end":{"line":4,"column":21}},"loc":{"start":{"line":4,"column":26},"end":{"line":28,"column":1}},"line":4},"1":{"name":"(anonymous_1)","decl":{"start":{"line":7,"column":12},"end":{"line":7,"column":13}},"loc":{"start":{"line":7,"column":18},"end":{"line":9,"column":3}},"line":7},"2":{"name":"(anonymous_2)","decl":{"start":{"line":11,"column":22},"end":{"line":11,"column":23}},"loc":{"start":{"line":11,"column":28},"end":{"line":13,"column":3}},"line":11},"3":{"name":"(anonymous_3)","decl":{"start":{"line":12,"column":13},"end":{"line":12,"column":14}},"loc":{"start":{"line":12,"column":24},"end":{"line":12,"column":59}},"line":12}},"branchMap":{"0":{"loc":{"start":{"line":12,"column":24},"end":{"line":12,"column":59}},"type":"cond-expr","locations":[{"start":{"line":12,"column":43},"end":{"line":12,"column":49}},{"start":{"line":12,"column":52},"end":{"line":12,"column":59}}],"line":12},"1":{"loc":{"start":{"line":19,"column":31},"end":{"line":19,"column":67}},"type":"cond-expr","locations":[{"start":{"line":19,"column":51},"end":{"line":19,"column":57}},{"start":{"line":19,"column":60},"end":{"line":19,"column":67}}],"line":19},"2":{"loc":{"start":{"line":21,"column":7},"end":{"line":25,"column":7}},"type":"cond-expr","locations":[{"start":{"line":22,"column":8},"end":{"line":22,"column":41}},{"start":{"line":24,"column":8},"end":{"line":24,"column":40}}],"line":21}},"s":{"0":1,"1":4,"2":4,"3":4,"4":4,"5":2,"6":2,"7":4},"f":{"0":4,"1":4,"2":2,"3":2},"b":{"0":[1,1],"1":[3,1],"2":[3,1]},"_coverageSchema":"1a1c01bbd47fc00a2c39e90264f33305004495a9","hash":"76aa0512218795875c3b3b8a76c82d7ee72bb8fc"}
,"/Users/davidsagala/Documents/redux-advanced/src/components/Todo.jsx": {"path":"/Users/davidsagala/Documents/redux-advanced/src/components/Todo.jsx","statementMap":{"0":{"start":{"line":3,"column":13},"end":{"line":27,"column":1}},"1":{"start":{"line":4,"column":35},"end":{"line":4,"column":39}},"2":{"start":{"line":6,"column":4},"end":{"line":6,"column":51}},"3":{"start":{"line":10,"column":4},"end":{"line":10,"column":17}},"4":{"start":{"line":12,"column":2},"end":{"line":26,"column":4}}},"fnMap":{"0":{"name":"(anonymous_0)","decl":{"start":{"line":3,"column":13},"end":{"line":3,"column":14}},"loc":{"start":{"line":3,"column":47},"end":{"line":27,"column":1}},"line":3},"1":{"name":"handleChange","decl":{"start":{"line":5,"column":11},"end":{"line":5,"column":23}},"loc":{"start":{"line":5,"column":26},"end":{"line":7,"column":3}},"line":5},"2":{"name":"handleClick","decl":{"start":{"line":9,"column":11},"end":{"line":9,"column":22}},"loc":{"start":{"line":9,"column":25},"end":{"line":11,"column":3}},"line":9}},"branchMap":{"0":{"loc":{"start":{"line":13,"column":28},"end":{"line":13,"column":56}},"type":"cond-expr","locations":[{"start":{"line":13,"column":40},"end":{"line":13,"column":51}},{"start":{"line":13,"column":54},"end":{"line":13,"column":56}}],"line":13},"1":{"loc":{"start":{"line":21,"column":26},"end":{"line":21,"column":54}},"type":"cond-expr","locations":[{"start":{"line":21,"column":38},"end":{"line":21,"column":49}},{"start":{"line":21,"column":52},"end":{"line":21,"column":54}}],"line":21}},"s":{"0":1,"1":0,"2":0,"3":0,"4":0},"f":{"0":0,"1":0,"2":0},"b":{"0":[0,0],"1":[0,0]},"_coverageSchema":"1a1c01bbd47fc00a2c39e90264f33305004495a9","hash":"27af86d771e84523e81f3bb67ee7f5d9079b65a9"}
,"/Users/davidsagala/Documents/redux-advanced/src/components/TodoContainer.jsx": {"path":"/Users/davidsagala/Documents/redux-advanced/src/components/TodoContainer.jsx","statementMap":{"0":{"start":{"line":14,"column":22},"end":{"line":41,"column":1}},"1":{"start":{"line":15,"column":19},"end":{"line":15,"column":32}},"2":{"start":{"line":16,"column":16},"end":{"line":16,"column":51}},"3":{"start":{"line":16,"column":39},"end":{"line":16,"column":50}},"4":{"start":{"line":17,"column":16},"end":{"line":17,"column":51}},"5":{"start":{"line":17,"column":39},"end":{"line":17,"column":50}},"6":{"start":{"line":18,"column":2},"end":{"line":20,"column":17}},"7":{"start":{"line":19,"column":4},"end":{"line":19,"column":27}},"8":{"start":{"line":22,"column":24},"end":{"line":25,"column":3}},"9":{"start":{"line":23,"column":4},"end":{"line":23,"column":23}},"10":{"start":{"line":24,"column":4},"end":{"line":24,"column":29}},"11":{"start":{"line":26,"column":24},"end":{"line":26,"column":69}},"12":{"start":{"line":26,"column":47},"end":{"line":26,"column":61}},"13":{"start":{"line":27,"column":26},"end":{"line":27,"column":72}},"14":{"start":{"line":27,"column":49},"end":{"line":27,"column":64}},"15":{"start":{"line":28,"column":21},"end":{"line":28,"column":48}},"16":{"start":{"line":29,"column":2},"end":{"line":29,"column":43}},"17":{"start":{"line":29,"column":13},"end":{"line":29,"column":43}},"18":{"start":{"line":30,"column":2},"end":{"line":40,"column":4}}},"fnMap":{"0":{"name":"(anonymous_0)","decl":{"start":{"line":14,"column":22},"end":{"line":14,"column":23}},"loc":{"start":{"line":14,"column":28},"end":{"line":41,"column":1}},"line":14},"1":{"name":"(anonymous_1)","decl":{"start":{"line":16,"column":28},"end":{"line":16,"column":29}},"loc":{"start":{"line":16,"column":39},"end":{"line":16,"column":50}},"line":16},"2":{"name":"(anonymous_2)","decl":{"start":{"line":17,"column":28},"end":{"line":17,"column":29}},"loc":{"start":{"line":17,"column":39},"end":{"line":17,"column":50}},"line":17},"3":{"name":"(anonymous_3)","decl":{"start":{"line":18,"column":12},"end":{"line":18,"column":13}},"loc":{"start":{"line":18,"column":18},"end":{"line":20,"column":3}},"line":18},"4":{"name":"(anonymous_4)","decl":{"start":{"line":22,"column":24},"end":{"line":22,"column":25}},"loc":{"start":{"line":22,"column":35},"end":{"line":25,"column":3}},"line":22},"5":{"name":"(anonymous_5)","decl":{"start":{"line":26,"column":37},"end":{"line":26,"column":38}},"loc":{"start":{"line":26,"column":47},"end":{"line":26,"column":61}},"line":26},"6":{"name":"(anonymous_6)","decl":{"start":{"line":27,"column":39},"end":{"line":27,"column":40}},"loc":{"start":{"line":27,"column":49},"end":{"line":27,"column":64}},"line":27}},"branchMap":{"0":{"loc":{"start":{"line":29,"column":2},"end":{"line":29,"column":43}},"type":"if","locations":[{"start":{"line":29,"column":2},"end":{"line":29,"column":43}},{"start":{},"end":{}}],"line":29}},"s":{"0":1,"1":2,"2":2,"3":4,"4":2,"5":4,"6":2,"7":2,"8":2,"9":0,"10":0,"11":2,"12":0,"13":2,"14":0,"15":2,"16":2,"17":0,"18":2},"f":{"0":2,"1":4,"2":4,"3":2,"4":0,"5":0,"6":0},"b":{"0":[0,2]},"_coverageSchema":"1a1c01bbd47fc00a2c39e90264f33305004495a9","hash":"a6a61dc83f5f282e20b1f1bb115b4df1fa4839a1"}
,"/Users/davidsagala/Documents/redux-advanced/src/components/TodoCounter.jsx": {"path":"/Users/davidsagala/Documents/redux-advanced/src/components/TodoCounter.jsx","statementMap":{"0":{"start":{"line":3,"column":20},"end":{"line":17,"column":1}},"1":{"start":{"line":4,"column":2},"end":{"line":16,"column":4}}},"fnMap":{"0":{"name":"(anonymous_0)","decl":{"start":{"line":3,"column":20},"end":{"line":3,"column":21}},"loc":{"start":{"line":3,"column":72},"end":{"line":17,"column":1}},"line":3}},"branchMap":{},"s":{"0":1,"1":2},"f":{"0":2},"b":{},"_coverageSchema":"1a1c01bbd47fc00a2c39e90264f33305004495a9","hash":"6b73ad23c2b36c94846da8667098b0cbbabde5c8"}
,"/Users/davidsagala/Documents/redux-advanced/src/components/TodoForm.jsx": {"path":"/Users/davidsagala/Documents/redux-advanced/src/components/TodoForm.jsx","statementMap":{"0":{"start":{"line":3,"column":17},"end":{"line":62,"column":1}},"1":{"start":{"line":4,"column":28},"end":{"line":4,"column":40}},"2":{"start":{"line":5,"column":36},"end":{"line":5,"column":51}},"3":{"start":{"line":6,"column":23},"end":{"line":17,"column":3}},"4":{"start":{"line":7,"column":4},"end":{"line":7,"column":23}},"5":{"start":{"line":9,"column":4},"end":{"line":13,"column":5}},"6":{"start":{"line":10,"column":6},"end":{"line":10,"column":25}},"7":{"start":{"line":11,"column":6},"end":{"line":11,"column":50}},"8":{"start":{"line":11,"column":23},"end":{"line":11,"column":42}},"9":{"start":{"line":12,"column":6},"end":{"line":12,"column":13}},"10":{"start":{"line":15,"column":4},"end":{"line":15,"column":17}},"11":{"start":{"line":16,"column":4},"end":{"line":16,"column":17}},"12":{"start":{"line":19,"column":23},"end":{"line":22,"column":3}},"13":{"start":{"line":20,"column":4},"end":{"line":20,"column":39}},"14":{"start":{"line":20,"column":19},"end":{"line":20,"column":39}},"15":{"start":{"line":21,"column":4},"end":{"line":21,"column":29}},"16":{"start":{"line":23,"column":2},"end":{"line":61,"column":4}}},"fnMap":{"0":{"name":"(anonymous_0)","decl":{"start":{"line":3,"column":17},"end":{"line":3,"column":18}},"loc":{"start":{"line":3,"column":32},"end":{"line":62,"column":1}},"line":3},"1":{"name":"(anonymous_1)","decl":{"start":{"line":6,"column":23},"end":{"line":6,"column":24}},"loc":{"start":{"line":6,"column":30},"end":{"line":17,"column":3}},"line":6},"2":{"name":"(anonymous_2)","decl":{"start":{"line":11,"column":17},"end":{"line":11,"column":18}},"loc":{"start":{"line":11,"column":23},"end":{"line":11,"column":42}},"line":11},"3":{"name":"(anonymous_3)","decl":{"start":{"line":19,"column":23},"end":{"line":19,"column":24}},"loc":{"start":{"line":19,"column":30},"end":{"line":22,"column":3}},"line":19}},"branchMap":{"0":{"loc":{"start":{"line":9,"column":4},"end":{"line":13,"column":5}},"type":"if","locations":[{"start":{"line":9,"column":4},"end":{"line":13,"column":5}},{"start":{},"end":{}}],"line":9},"1":{"loc":{"start":{"line":20,"column":4},"end":{"line":20,"column":39}},"type":"if","locations":[{"start":{"line":20,"column":4},"end":{"line":20,"column":39}},{"start":{},"end":{}}],"line":20},"2":{"loc":{"start":{"line":33,"column":21},"end":{"line":33,"column":45}},"type":"cond-expr","locations":[{"start":{"line":33,"column":33},"end":{"line":33,"column":40}},{"start":{"line":33,"column":43},"end":{"line":33,"column":45}}],"line":33},"3":{"loc":{"start":{"line":36,"column":9},"end":{"line":54,"column":9}},"type":"binary-expr","locations":[{"start":{"line":36,"column":9},"end":{"line":36,"column":18}},{"start":{"line":37,"column":10},"end":{"line":53,"column":16}}],"line":36}},"s":{"0":1,"1":2,"2":2,"3":2,"4":0,"5":0,"6":0,"7":0,"8":0,"9":0,"10":0,"11":0,"12":2,"13":0,"14":0,"15":0,"16":2},"f":{"0":2,"1":0,"2":0,"3":0},"b":{"0":[0,0],"1":[0,0],"2":[0,2],"3":[2,0]},"_coverageSchema":"1a1c01bbd47fc00a2c39e90264f33305004495a9","hash":"27e0875e68af6c5aeb3ae374f016526e9b7fbd15"}
,"/Users/davidsagala/Documents/redux-advanced/src/components/TodoList.jsx": {"path":"/Users/davidsagala/Documents/redux-advanced/src/components/TodoList.jsx","statementMap":{"0":{"start":{"line":7,"column":17},"end":{"line":40,"column":1}},"1":{"start":{"line":8,"column":19},"end":{"line":8,"column":32}},"2":{"start":{"line":9,"column":23},"end":{"line":11,"column":3}},"3":{"start":{"line":10,"column":4},"end":{"line":10,"column":38}},"4":{"start":{"line":13,"column":23},"end":{"line":15,"column":3}},"5":{"start":{"line":14,"column":4},"end":{"line":14,"column":29}},"6":{"start":{"line":17,"column":2},"end":{"line":27,"column":3}},"7":{"start":{"line":18,"column":4},"end":{"line":26,"column":6}},"8":{"start":{"line":28,"column":2},"end":{"line":39,"column":4}},"9":{"start":{"line":31,"column":8},"end":{"line":36,"column":10}}},"fnMap":{"0":{"name":"(anonymous_0)","decl":{"start":{"line":7,"column":17},"end":{"line":7,"column":18}},"loc":{"start":{"line":7,"column":32},"end":{"line":40,"column":1}},"line":7},"1":{"name":"(anonymous_1)","decl":{"start":{"line":9,"column":23},"end":{"line":9,"column":24}},"loc":{"start":{"line":9,"column":40},"end":{"line":11,"column":3}},"line":9},"2":{"name":"(anonymous_2)","decl":{"start":{"line":13,"column":23},"end":{"line":13,"column":24}},"loc":{"start":{"line":13,"column":31},"end":{"line":15,"column":3}},"line":13},"3":{"name":"(anonymous_3)","decl":{"start":{"line":30,"column":18},"end":{"line":30,"column":19}},"loc":{"start":{"line":31,"column":8},"end":{"line":36,"column":10}},"line":31}},"branchMap":{"0":{"loc":{"start":{"line":17,"column":2},"end":{"line":27,"column":3}},"type":"if","locations":[{"start":{"line":17,"column":2},"end":{"line":27,"column":3}},{"start":{},"end":{}}],"line":17},"1":{"loc":{"start":{"line":17,"column":6},"end":{"line":17,"column":34}},"type":"binary-expr","locations":[{"start":{"line":17,"column":6},"end":{"line":17,"column":12}},{"start":{"line":17,"column":16},"end":{"line":17,"column":34}}],"line":17}},"s":{"0":1,"1":2,"2":2,"3":0,"4":2,"5":0,"6":2,"7":2,"8":0,"9":0},"f":{"0":2,"1":0,"2":0,"3":0},"b":{"0":[2,0],"1":[2,2]},"_coverageSchema":"1a1c01bbd47fc00a2c39e90264f33305004495a9","hash":"481e031bd13db4cb08627640bbfa3e3026c3d0ee"}
,"/Users/davidsagala/Documents/redux-advanced/src/redux/asyncReducer.js": {"path":"/Users/davidsagala/Documents/redux-advanced/src/redux/asyncReducer.js","statementMap":{"0":{"start":{"line":3,"column":21},"end":{"line":6,"column":1}},"1":{"start":{"line":8,"column":21},"end":{"line":8,"column":65}},"2":{"start":{"line":11,"column":23},"end":{"line":26,"column":1}},"3":{"start":{"line":12,"column":2},"end":{"line":25,"column":4}},"4":{"start":{"line":13,"column":4},"end":{"line":24,"column":5}},"5":{"start":{"line":14,"column":6},"end":{"line":14,"column":34}},"6":{"start":{"line":15,"column":23},"end":{"line":18,"column":8}},"7":{"start":{"line":19,"column":23},"end":{"line":19,"column":31}},"8":{"start":{"line":20,"column":6},"end":{"line":20,"column":24}},"9":{"start":{"line":21,"column":6},"end":{"line":21,"column":60}},"10":{"start":{"line":23,"column":6},"end":{"line":23,"column":69}},"11":{"start":{"line":28,"column":26},"end":{"line":39,"column":1}},"12":{"start":{"line":29,"column":2},"end":{"line":38,"column":4}},"13":{"start":{"line":30,"column":4},"end":{"line":37,"column":5}},"14":{"start":{"line":31,"column":23},"end":{"line":31,"column":48}},"15":{"start":{"line":32,"column":23},"end":{"line":32,"column":31}},"16":{"start":{"line":33,"column":6},"end":{"line":33,"column":63}},"17":{"start":{"line":35,"column":6},"end":{"line":35,"column":25}},"18":{"start":{"line":36,"column":6},"end":{"line":36,"column":72}},"19":{"start":{"line":42,"column":26},"end":{"line":51,"column":1}},"20":{"start":{"line":43,"column":2},"end":{"line":50,"column":4}},"21":{"start":{"line":44,"column":4},"end":{"line":49,"column":5}},"22":{"start":{"line":45,"column":23},"end":{"line":45,"column":72}},"23":{"start":{"line":46,"column":6},"end":{"line":46,"column":72}},"24":{"start":{"line":48,"column":6},"end":{"line":48,"column":72}},"25":{"start":{"line":54,"column":26},"end":{"line":57,"column":1}},"26":{"start":{"line":54,"column":34},"end":{"line":57,"column":1}},"27":{"start":{"line":55,"column":19},"end":{"line":55,"column":62}},"28":{"start":{"line":56,"column":2},"end":{"line":56,"column":57}},"29":{"start":{"line":60,"column":21},"end":{"line":101,"column":1}},"30":{"start":{"line":61,"column":2},"end":{"line":100,"column":3}},"31":{"start":{"line":63,"column":6},"end":{"line":67,"column":8}},"32":{"start":{"line":69,"column":6},"end":{"line":73,"column":8}},"33":{"start":{"line":75,"column":6},"end":{"line":81,"column":8}},"34":{"start":{"line":79,"column":10},"end":{"line":79,"column":63}},"35":{"start":{"line":84,"column":6},"end":{"line":88,"column":8}},"36":{"start":{"line":87,"column":44},"end":{"line":87,"column":70}},"37":{"start":{"line":94,"column":6},"end":{"line":97,"column":8}},"38":{"start":{"line":99,"column":6},"end":{"line":99,"column":19}}},"fnMap":{"0":{"name":"(anonymous_0)","decl":{"start":{"line":11,"column":23},"end":{"line":11,"column":24}},"loc":{"start":{"line":11,"column":34},"end":{"line":26,"column":1}},"line":11},"1":{"name":"(anonymous_1)","decl":{"start":{"line":12,"column":9},"end":{"line":12,"column":10}},"loc":{"start":{"line":12,"column":29},"end":{"line":25,"column":3}},"line":12},"2":{"name":"(anonymous_2)","decl":{"start":{"line":28,"column":26},"end":{"line":28,"column":27}},"loc":{"start":{"line":28,"column":32},"end":{"line":39,"column":1}},"line":28},"3":{"name":"(anonymous_3)","decl":{"start":{"line":29,"column":9},"end":{"line":29,"column":10}},"loc":{"start":{"line":29,"column":29},"end":{"line":38,"column":3}},"line":29},"4":{"name":"(anonymous_4)","decl":{"start":{"line":42,"column":26},"end":{"line":42,"column":27}},"loc":{"start":{"line":42,"column":43},"end":{"line":51,"column":1}},"line":42},"5":{"name":"(anonymous_5)","decl":{"start":{"line":43,"column":9},"end":{"line":43,"column":10}},"loc":{"start":{"line":43,"column":29},"end":{"line":50,"column":3}},"line":43},"6":{"name":"(anonymous_6)","decl":{"start":{"line":54,"column":26},"end":{"line":54,"column":27}},"loc":{"start":{"line":54,"column":34},"end":{"line":57,"column":1}},"line":54},"7":{"name":"(anonymous_7)","decl":{"start":{"line":54,"column":34},"end":{"line":54,"column":35}},"loc":{"start":{"line":54,"column":54},"end":{"line":57,"column":1}},"line":54},"8":{"name":"(anonymous_8)","decl":{"start":{"line":60,"column":21},"end":{"line":60,"column":22}},"loc":{"start":{"line":60,"column":55},"end":{"line":101,"column":1}},"line":60},"9":{"name":"(anonymous_9)","decl":{"start":{"line":78,"column":31},"end":{"line":78,"column":32}},"loc":{"start":{"line":79,"column":10},"end":{"line":79,"column":63}},"line":79},"10":{"name":"(anonymous_10)","decl":{"start":{"line":87,"column":34},"end":{"line":87,"column":35}},"loc":{"start":{"line":87,"column":44},"end":{"line":87,"column":70}},"line":87}},"branchMap":{"0":{"loc":{"start":{"line":60,"column":22},"end":{"line":60,"column":42}},"type":"default-arg","locations":[{"start":{"line":60,"column":30},"end":{"line":60,"column":42}}],"line":60},"1":{"loc":{"start":{"line":61,"column":2},"end":{"line":100,"column":3}},"type":"switch","locations":[{"start":{"line":62,"column":4},"end":{"line":67,"column":8}},{"start":{"line":68,"column":4},"end":{"line":73,"column":8}},{"start":{"line":74,"column":4},"end":{"line":81,"column":8}},{"start":{"line":83,"column":4},"end":{"line":88,"column":8}},{"start":{"line":90,"column":4},"end":{"line":90,"column":31}},{"start":{"line":91,"column":4},"end":{"line":91,"column":31}},{"start":{"line":92,"column":4},"end":{"line":92,"column":31}},{"start":{"line":93,"column":4},"end":{"line":97,"column":8}},{"start":{"line":98,"column":4},"end":{"line":99,"column":19}}],"line":61},"2":{"loc":{"start":{"line":79,"column":10},"end":{"line":79,"column":63}},"type":"cond-expr","locations":[{"start":{"line":79,"column":42},"end":{"line":79,"column":56}},{"start":{"line":79,"column":59},"end":{"line":79,"column":63}}],"line":79}},"s":{"0":1,"1":1,"2":1,"3":0,"4":0,"5":0,"6":0,"7":0,"8":0,"9":0,"10":0,"11":1,"12":2,"13":2,"14":2,"15":0,"16":0,"17":0,"18":0,"19":1,"20":0,"21":0,"22":0,"23":0,"24":0,"25":1,"26":0,"27":0,"28":0,"29":1,"30":1,"31":0,"32":0,"33":0,"34":0,"35":0,"36":0,"37":0,"38":1},"f":{"0":0,"1":0,"2":2,"3":2,"4":0,"5":0,"6":0,"7":0,"8":1,"9":0,"10":0},"b":{"0":[1],"1":[0,0,0,0,0,0,0,0,1],"2":[0,0]},"_coverageSchema":"1a1c01bbd47fc00a2c39e90264f33305004495a9","hash":"4052f059b93e0c813b4185ba2477a75860a17944"}
,"/Users/davidsagala/Documents/redux-advanced/src/redux/store.js": {"path":"/Users/davidsagala/Documents/redux-advanced/src/redux/store.js","statementMap":{"0":{"start":{"line":5,"column":14},"end":{"line":5,"column":63}}},"fnMap":{},"branchMap":{},"s":{"0":1},"f":{},"b":{},"_coverageSchema":"1a1c01bbd47fc00a2c39e90264f33305004495a9","hash":"e8974787b0d01c6e8b258f095cab950313533004"}
}
