TN:
SF:src/App.jsx
FN:5,App
FNF:1
FNH:1
FNDA:2,App
DA:6,2
LF:1
LH:1
BRF:0
BRH:0
end_of_record
TN:
SF:src/components/ThemeToggle.jsx
FN:4,(anonymous_0)
FN:7,(anonymous_1)
FN:11,(anonymous_2)
FN:12,(anonymous_3)
FNF:4
FNH:4
FNDA:4,(anonymous_0)
FNDA:4,(anonymous_1)
FNDA:2,(anonymous_2)
FNDA:2,(anonymous_3)
DA:4,1
DA:5,4
DA:7,4
DA:8,4
DA:11,4
DA:12,2
DA:15,4
LF:7
LH:7
BRDA:12,0,0,1
BRDA:12,0,1,1
BRDA:19,1,0,3
BRDA:19,1,1,1
BRDA:21,2,0,3
BRDA:21,2,1,1
BRF:6
BRH:6
end_of_record
TN:
SF:src/components/Todo.jsx
FN:3,(anonymous_0)
FN:5,handleChange
FN:9,handleClick
FNF:3
FNH:0
FNDA:0,(anonymous_0)
FNDA:0,handleChange
FNDA:0,handleClick
DA:3,1
DA:4,0
DA:6,0
DA:10,0
DA:12,0
LF:5
LH:1
BRDA:13,0,0,0
BRDA:13,0,1,0
BRDA:21,1,0,0
BRDA:21,1,1,0
BRF:4
BRH:0
end_of_record
TN:
SF:src/components/TodoContainer.jsx
FN:14,(anonymous_0)
FN:16,(anonymous_1)
FN:17,(anonymous_2)
FN:18,(anonymous_3)
FN:22,(anonymous_4)
FN:26,(anonymous_5)
FN:27,(anonymous_6)
FNF:7
FNH:4
FNDA:2,(anonymous_0)
FNDA:4,(anonymous_1)
FNDA:4,(anonymous_2)
FNDA:2,(anonymous_3)
FNDA:0,(anonymous_4)
FNDA:0,(anonymous_5)
FNDA:0,(anonymous_6)
DA:14,1
DA:15,2
DA:16,4
DA:17,4
DA:18,2
DA:19,2
DA:22,2
DA:23,0
DA:24,0
DA:26,2
DA:27,2
DA:28,2
DA:29,2
DA:30,2
LF:14
LH:12
BRDA:29,0,0,0
BRDA:29,0,1,2
BRF:2
BRH:1
end_of_record
TN:
SF:src/components/TodoCounter.jsx
FN:3,(anonymous_0)
FNF:1
FNH:1
FNDA:2,(anonymous_0)
DA:3,1
DA:4,2
LF:2
LH:2
BRF:0
BRH:0
end_of_record
TN:
SF:src/components/TodoForm.jsx
FN:3,(anonymous_0)
FN:6,(anonymous_1)
FN:11,(anonymous_2)
FN:19,(anonymous_3)
FNF:4
FNH:1
FNDA:2,(anonymous_0)
FNDA:0,(anonymous_1)
FNDA:0,(anonymous_2)
FNDA:0,(anonymous_3)
DA:3,1
DA:4,2
DA:5,2
DA:6,2
DA:7,0
DA:9,0
DA:10,0
DA:11,0
DA:12,0
DA:15,0
DA:16,0
DA:19,2
DA:20,0
DA:21,0
DA:23,2
LF:15
LH:6
BRDA:9,0,0,0
BRDA:9,0,1,0
BRDA:20,1,0,0
BRDA:20,1,1,0
BRDA:33,2,0,0
BRDA:33,2,1,2
BRDA:36,3,0,2
BRDA:36,3,1,0
BRF:8
BRH:2
end_of_record
TN:
SF:src/components/TodoList.jsx
FN:7,(anonymous_0)
FN:9,(anonymous_1)
FN:13,(anonymous_2)
FN:30,(anonymous_3)
FNF:4
FNH:1
FNDA:2,(anonymous_0)
FNDA:0,(anonymous_1)
FNDA:0,(anonymous_2)
FNDA:0,(anonymous_3)
DA:7,1
DA:8,2
DA:9,2
DA:10,0
DA:13,2
DA:14,0
DA:17,2
DA:18,2
DA:28,0
DA:31,0
LF:10
LH:6
BRDA:17,0,0,2
BRDA:17,0,1,0
BRDA:17,1,0,2
BRDA:17,1,1,2
BRF:4
BRH:3
end_of_record
TN:
SF:src/redux/asyncReducer.js
FN:11,(anonymous_0)
FN:12,(anonymous_1)
FN:28,(anonymous_2)
FN:29,(anonymous_3)
FN:42,(anonymous_4)
FN:43,(anonymous_5)
FN:54,(anonymous_6)
FN:54,(anonymous_7)
FN:60,(anonymous_8)
FN:78,(anonymous_9)
FN:87,(anonymous_10)
FNF:11
FNH:3
FNDA:0,(anonymous_0)
FNDA:0,(anonymous_1)
FNDA:2,(anonymous_2)
FNDA:2,(anonymous_3)
FNDA:0,(anonymous_4)
FNDA:0,(anonymous_5)
FNDA:0,(anonymous_6)
FNDA:0,(anonymous_7)
FNDA:1,(anonymous_8)
FNDA:0,(anonymous_9)
FNDA:0,(anonymous_10)
DA:3,1
DA:8,1
DA:11,1
DA:12,0
DA:13,0
DA:14,0
DA:15,0
DA:19,0
DA:20,0
DA:21,0
DA:23,0
DA:28,1
DA:29,2
DA:30,2
DA:31,2
DA:32,0
DA:33,0
DA:35,0
DA:36,0
DA:42,1
DA:43,0
DA:44,0
DA:45,0
DA:46,0
DA:48,0
DA:54,1
DA:55,0
DA:56,0
DA:60,1
DA:61,1
DA:63,0
DA:69,0
DA:75,0
DA:79,0
DA:84,0
DA:87,0
DA:94,0
DA:99,1
LF:38
LH:12
BRDA:60,0,0,1
BRDA:61,1,0,0
BRDA:61,1,1,0
BRDA:61,1,2,0
BRDA:61,1,3,0
BRDA:61,1,4,0
BRDA:61,1,5,0
BRDA:61,1,6,0
BRDA:61,1,7,0
BRDA:61,1,8,1
BRDA:79,2,0,0
BRDA:79,2,1,0
BRF:12
BRH:2
end_of_record
TN:
SF:src/redux/store.js
FNF:0
FNH:0
DA:5,1
LF:1
LH:1
BRF:0
BRH:0
end_of_record
